"../../../Engine/Content/EditorResources/S_Actor.ubulk" 0
"../../../Engine/Content/EditorResources/S_Actor.uasset" 1
"../../../Engine/Content/EditorResources/S_Actor.uexp" 2
"../../../Engine/Content/EditorResources/S_BoxReflectionCapture.uasset" 3
"../../../Engine/Content/EditorResources/S_BoxReflectionCapture.uexp" 4
"../../../Engine/Content/EngineResources/DefaultTexture.ubulk" 5
"../../../Engine/Content/EngineResources/DefaultTexture.uasset" 6
"../../../Engine/Content/EngineResources/DefaultTexture.uexp" 7
"../../../Engine/Content/EngineResources/DefaultTextureCube.uasset" 8
"../../../Engine/Content/EngineResources/DefaultTextureCube.uexp" 9
"../../../Engine/Content/EngineResources/DefaultVolumeTexture2D.uasset" 10
"../../../Engine/Content/EngineResources/DefaultVolumeTexture2D.uexp" 11
"../../../Engine/Content/EngineResources/DefaultVolumeTexture.uasset" 12
"../../../Engine/Content/EngineResources/DefaultVolumeTexture.uexp" 13
"../../../Engine/Content/EditorResources/S_Trigger.ubulk" 14
"../../../Engine/Content/EditorResources/S_Trigger.uasset" 15
"../../../Engine/Content/EditorResources/S_Trigger.uexp" 16
"../../../Engine/Content/EditorResources/S_TriggerBox.uasset" 17
"../../../Engine/Content/EditorResources/S_TriggerBox.uexp" 18
"../../../Engine/Content/EditorResources/S_TriggerCapsule.uasset" 19
"../../../Engine/Content/EditorResources/S_TriggerCapsule.uexp" 20
"../../../Engine/Content/EditorResources/S_TriggerSphere.uasset" 21
"../../../Engine/Content/EditorResources/S_TriggerSphere.uexp" 22
"../../../Engine/Content/EngineMeshes/Sphere.ubulk" 23
"../../../Engine/Content/EngineMeshes/Sphere.uasset" 24
"../../../Engine/Content/EngineMeshes/Sphere.uexp" 25
"../../../Engine/Content/EngineResources/GradientTexture0.uasset" 26
"../../../Engine/Content/EngineResources/GradientTexture0.uexp" 27
"../../../Engine/Content/EngineResources/Black.uasset" 28
"../../../Engine/Content/EngineResources/Black.uexp" 29
"../../../Engine/Content/VREditor/LaserPointer/VR_LaserPower_01.ubulk" 30
"../../../Engine/Content/VREditor/LaserPointer/VR_LaserPower_01.uasset" 31
"../../../Engine/Content/VREditor/LaserPointer/VR_LaserPower_01.uexp" 32
"../../../Engine/Content/VREditor/TransformGizmo/TransformGizmoMaterial.uasset" 33
"../../../Engine/Content/VREditor/TransformGizmo/TransformGizmoMaterial.uexp" 34
"../../../Engine/Content/VREditor/TransformGizmo/TranslucentTransformGizmoMaterial.uasset" 35
"../../../Engine/Content/VREditor/TransformGizmo/TranslucentTransformGizmoMaterial.uexp" 36
"../../../Engine/Content/VREditor/TransformGizmo/PlaneTranslationHandle.ubulk" 37
"../../../Engine/Content/VREditor/TransformGizmo/PlaneTranslationHandle.uasset" 38
"../../../Engine/Content/VREditor/TransformGizmo/PlaneTranslationHandle.uexp" 39
"../../../Engine/Content/VREditor/TransformGizmo/BoundingBoxCorner.ubulk" 40
"../../../Engine/Content/VREditor/TransformGizmo/BoundingBoxCorner.uasset" 41
"../../../Engine/Content/VREditor/TransformGizmo/BoundingBoxCorner.uexp" 42
"../../../Engine/Content/VREditor/TransformGizmo/BoundingBoxEdge.ubulk" 43
"../../../Engine/Content/VREditor/TransformGizmo/BoundingBoxEdge.uasset" 44
"../../../Engine/Content/VREditor/TransformGizmo/BoundingBoxEdge.uexp" 45
"../../../Engine/Content/VREditor/TransformGizmo/Main.uasset" 46
"../../../Engine/Content/VREditor/TransformGizmo/Main.uexp" 47
"../../../Engine/Content/VREditor/TransformGizmo/Xray.uasset" 48
"../../../Engine/Content/VREditor/TransformGizmo/Xray.uexp" 49
"../../../Engine/Content/VREditor/TransformGizmo/SM_Sequencer_Node.ubulk" 50
"../../../Engine/Content/VREditor/TransformGizmo/SM_Sequencer_Node.uasset" 51
"../../../Engine/Content/VREditor/TransformGizmo/SM_Sequencer_Node.uexp" 52
"../../../Engine/Content/EditorMaterials/Camera/CineMat.uasset" 53
"../../../Engine/Content/EditorMaterials/Camera/CineMat.uexp" 54
"../../../Engine/Content/EditorMaterials/Camera/MI_CineMat_Rig.uasset" 55
"../../../Engine/Content/EditorMaterials/Camera/MI_CineMat_Rig.uexp" 56
"../../../Engine/Content/EditorMeshes/Camera/SM_CraneRig_Base.ubulk" 57
"../../../Engine/Content/EditorMeshes/Camera/SM_CraneRig_Base.uasset" 58
"../../../Engine/Content/EditorMeshes/Camera/SM_CraneRig_Base.uexp" 59
"../../../Engine/Content/EditorMeshes/Camera/SM_CraneRig_Arm.ubulk" 60
"../../../Engine/Content/EditorMeshes/Camera/SM_CraneRig_Arm.uasset" 61
"../../../Engine/Content/EditorMeshes/Camera/SM_CraneRig_Arm.uexp" 62
"../../../Engine/Content/EditorMeshes/Camera/SM_CraneRig_Mount.ubulk" 63
"../../../Engine/Content/EditorMeshes/Camera/SM_CraneRig_Mount.uasset" 64
"../../../Engine/Content/EditorMeshes/Camera/SM_CraneRig_Mount.uexp" 65
"../../../Engine/Content/EditorMeshes/Camera/SM_CraneRig_Body.ubulk" 66
"../../../Engine/Content/EditorMeshes/Camera/SM_CraneRig_Body.uasset" 67
"../../../Engine/Content/EditorMeshes/Camera/SM_CraneRig_Body.uexp" 68
"../../../Engine/Content/EditorMeshes/Camera/SM_RailRig_Track.ubulk" 69
"../../../Engine/Content/EditorMeshes/Camera/SM_RailRig_Track.uasset" 70
"../../../Engine/Content/EditorMeshes/Camera/SM_RailRig_Track.uexp" 71
"../../../Engine/Content/EditorMeshes/Camera/SM_RailRig_Mount.ubulk" 72
"../../../Engine/Content/EditorMeshes/Camera/SM_RailRig_Mount.uasset" 73
"../../../Engine/Content/EditorMeshes/Camera/SM_RailRig_Mount.uexp" 74
"../../../Engine/Content/EngineMaterials/T_Default_Material_Grid_M.ubulk" 75
"../../../Engine/Content/EngineMaterials/T_Default_Material_Grid_M.uasset" 76
"../../../Engine/Content/EngineMaterials/T_Default_Material_Grid_M.uexp" 77
"../../../Engine/Content/EngineMaterials/T_Default_Material_Grid_N.ubulk" 78
"../../../Engine/Content/EngineMaterials/T_Default_Material_Grid_N.uasset" 79
"../../../Engine/Content/EngineMaterials/T_Default_Material_Grid_N.uexp" 80
"../../../Engine/Content/Functions/Engine_MaterialFunctions01/Opacity/CameraDepthFade.uasset" 81
"../../../Engine/Content/Functions/Engine_MaterialFunctions01/Opacity/CameraDepthFade.uexp" 82
"../../../Engine/Content/EngineMaterials/WorldGridMaterial.uasset" 83
"../../../Engine/Content/EngineMaterials/WorldGridMaterial.uexp" 84
"../../../Engine/Content/ArtTools/RenderToTexture/Meshes/S_1_Unit_Plane.ubulk" 85
"../../../Engine/Content/ArtTools/RenderToTexture/Meshes/S_1_Unit_Plane.uasset" 86
"../../../Engine/Content/ArtTools/RenderToTexture/Meshes/S_1_Unit_Plane.uexp" 87
"../../../Engine/Content/EditorMaterials/ParticleSystems/PSysThumbnail_NoImage.ubulk" 88
"../../../Engine/Content/EditorMaterials/ParticleSystems/PSysThumbnail_NoImage.uasset" 89
"../../../Engine/Content/EditorMaterials/ParticleSystems/PSysThumbnail_NoImage.uexp" 90
"../../../Engine/Content/EditorMaterials/ParticleSystems/PSysThumbnail_OOD.ubulk" 91
"../../../Engine/Content/EditorMaterials/ParticleSystems/PSysThumbnail_OOD.uasset" 92
"../../../Engine/Content/EditorMaterials/ParticleSystems/PSysThumbnail_OOD.uexp" 93
"../../../Engine/Content/EditorLandscapeResources/SplineEditorMeshMat.uasset" 94
"../../../Engine/Content/EditorLandscapeResources/SplineEditorMeshMat.uexp" 95
"../../../Engine/Content/EditorLandscapeResources/SplineEditorMesh.ubulk" 96
"../../../Engine/Content/EditorLandscapeResources/SplineEditorMesh.uasset" 97
"../../../Engine/Content/EditorLandscapeResources/SplineEditorMesh.uexp" 98
"../../../Engine/Content/EditorResources/S_Solver.ubulk" 99
"../../../Engine/Content/EditorResources/S_Solver.uasset" 100
"../../../Engine/Content/EditorResources/S_Solver.uexp" 101
"../../../Engine/Plugins/Media/MediaPlate/Content/SM_MediaPlateScreen.ubulk" 102
"../../../Engine/Plugins/Media/MediaPlate/Content/SM_MediaPlateScreen.uasset" 103
"../../../Engine/Plugins/Media/MediaPlate/Content/SM_MediaPlateScreen.uexp" 104
"../../../Engine/Content/EngineMaterials/Good64x64TilingNoiseHighFreq.uasset" 105
"../../../Engine/Content/EngineMaterials/Good64x64TilingNoiseHighFreq.uexp" 106
"../../../Engine/Content/EngineMaterials/DefaultBokeh.uasset" 107
"../../../Engine/Content/EngineMaterials/DefaultBokeh.uexp" 108
"../../../Engine/Content/EngineMaterials/PreintegratedSkinBRDF.uasset" 109
"../../../Engine/Content/EngineMaterials/PreintegratedSkinBRDF.uexp" 110
"../../../Engine/Content/EngineMaterials/MiniFont.uasset" 111
"../../../Engine/Content/EngineMaterials/MiniFont.uexp" 112
"../../../Engine/Content/EngineMaterials/WeightMapPlaceholderTexture.uasset" 113
"../../../Engine/Content/EngineMaterials/WeightMapPlaceholderTexture.uexp" 114
"../../../Engine/Content/EngineMaterials/DefaultWhiteGrid.ubulk" 115
"../../../Engine/Content/EngineMaterials/DefaultWhiteGrid.uasset" 116
"../../../Engine/Content/EngineMaterials/DefaultWhiteGrid.uexp" 117
"../../../Engine/Plugins/2D/Paper2D/Content/PlaceholderTextures/DummySpriteTexture.ubulk" 118
"../../../Engine/Plugins/2D/Paper2D/Content/PlaceholderTextures/DummySpriteTexture.uasset" 119
"../../../Engine/Plugins/2D/Paper2D/Content/PlaceholderTextures/DummySpriteTexture.uexp" 120
"../../../Engine/Plugins/2D/Paper2D/Content/DefaultSpriteMaterial.uasset" 121
"../../../Engine/Plugins/2D/Paper2D/Content/DefaultSpriteMaterial.uexp" 122
"../../../Engine/Plugins/2D/Paper2D/Content/OpaqueUnlitSpriteMaterial.uasset" 123
"../../../Engine/Plugins/2D/Paper2D/Content/OpaqueUnlitSpriteMaterial.uexp" 124
"../../../Engine/Plugins/2D/Paper2D/Content/MaskedUnlitSpriteMaterial.uasset" 125
"../../../Engine/Plugins/2D/Paper2D/Content/MaskedUnlitSpriteMaterial.uexp" 126
"../../../Engine/Plugins/2D/Paper2D/Content/DummySprite.uasset" 127
"../../../Engine/Plugins/2D/Paper2D/Content/DummySprite.uexp" 128
"../../../Engine/Plugins/2D/Paper2D/Content/DefaultPaperTerrainMaterial.uasset" 129
"../../../Engine/Plugins/2D/Paper2D/Content/DefaultPaperTerrainMaterial.uexp" 130
"../../../Engine/Content/Functions/Engine_MaterialFunctions02/WorldPositionOffset/CameraOffset.uasset" 131
"../../../Engine/Content/Functions/Engine_MaterialFunctions02/WorldPositionOffset/CameraOffset.uexp" 132
"../../../Engine/Plugins/Animation/ControlRig/Content/M_Manip.uasset" 133
"../../../Engine/Plugins/Animation/ControlRig/Content/M_Manip.uexp" 134
"../../../Engine/Content/Animation/DefaultRecorderBoneCompression.uasset" 135
"../../../Engine/Content/Animation/DefaultRecorderBoneCompression.uexp" 136
"../../../Engine/Content/Animation/DefaultAnimCurveCompressionSettings.uasset" 137
"../../../Engine/Content/Animation/DefaultAnimCurveCompressionSettings.uexp" 138
"../../../Engine/Content/Animation/DefaultAnimBoneCompressionSettings.uasset" 139
"../../../Engine/Content/Animation/DefaultAnimBoneCompressionSettings.uexp" 140
"../../../Engine/Content/EngineMaterials/DefaultMaterial.uasset" 141
"../../../Engine/Content/EngineMaterials/DefaultMaterial.uexp" 142
"../../../Engine/Content/BasicShapes/Sphere.ubulk" 143
"../../../Engine/Content/BasicShapes/Sphere.uasset" 144
"../../../Engine/Content/BasicShapes/Sphere.uexp" 145
"../../../Engine/Content/BasicShapes/Plane.ubulk" 146
"../../../Engine/Content/BasicShapes/Plane.uasset" 147
"../../../Engine/Content/BasicShapes/Plane.uexp" 148
"../../../Engine/Content/BasicShapes/Cylinder.ubulk" 149
"../../../Engine/Content/BasicShapes/Cylinder.uasset" 150
"../../../Engine/Content/BasicShapes/Cylinder.uexp" 151
"../../../Engine/Content/BasicShapes/Cube.ubulk" 152
"../../../Engine/Content/BasicShapes/Cube.uasset" 153
"../../../Engine/Content/BasicShapes/Cube.uexp" 154
"../../../Engine/Content/BasicShapes/Cone.ubulk" 155
"../../../Engine/Content/BasicShapes/Cone.uasset" 156
"../../../Engine/Content/BasicShapes/Cone.uexp" 157
"../../../Engine/Content/EditorResources/S_Terrain.ubulk" 158
"../../../Engine/Content/EditorResources/S_Terrain.uasset" 159
"../../../Engine/Content/EditorResources/S_Terrain.uexp" 160
"../../../Engine/Content/EngineSky/T_Sky_Stars.ubulk" 161
"../../../Engine/Content/EngineSky/T_Sky_Stars.uasset" 162
"../../../Engine/Content/EngineSky/T_Sky_Stars.uexp" 163
"../../../Engine/Content/EngineSky/T_Sky_Clouds_M.ubulk" 164
"../../../Engine/Content/EngineSky/T_Sky_Clouds_M.uasset" 165
"../../../Engine/Content/EngineSky/T_Sky_Clouds_M.uexp" 166
"../../../Engine/Content/EngineSky/T_Sky_Blue.ubulk" 167
"../../../Engine/Content/EngineSky/T_Sky_Blue.uasset" 168
"../../../Engine/Content/EngineSky/T_Sky_Blue.uexp" 169
"../../../Engine/Content/EngineSky/M_Sky_Panning_Clouds2.uasset" 170
"../../../Engine/Content/EngineSky/M_Sky_Panning_Clouds2.uexp" 171
"../../../Engine/Content/EngineSky/SM_SkySphere.ubulk" 172
"../../../Engine/Content/EngineSky/SM_SkySphere.uasset" 173
"../../../Engine/Content/EngineSky/SM_SkySphere.uexp" 174
"../../../Engine/Content/EngineSky/M_SimpleSkyDome.uasset" 175
"../../../Engine/Content/EngineSky/M_SimpleSkyDome.uexp" 176
"../../../Engine/Plugins/Editor/SpeedTreeImporter/Content/SpeedTree9/game_wind_noise.ubulk" 177
"../../../Engine/Plugins/Editor/SpeedTreeImporter/Content/SpeedTree9/game_wind_noise.uasset" 178
"../../../Engine/Plugins/Editor/SpeedTreeImporter/Content/SpeedTree9/game_wind_noise.uexp" 179
"../../../Engine/Plugins/Editor/SpeedTreeImporter/Content/SpeedTree9/UnpackDirection.uasset" 180
"../../../Engine/Plugins/Editor/SpeedTreeImporter/Content/SpeedTree9/UnpackDirection.uexp" 181
"../../../Engine/Content/Functions/Engine_MaterialFunctions02/ObjectLocalBounds.uasset" 182
"../../../Engine/Content/Functions/Engine_MaterialFunctions02/ObjectLocalBounds.uexp" 183
"../../../Engine/Content/Functions/Engine_MaterialFunctions02/Utility/BreakOutFloat3Components.uasset" 184
"../../../Engine/Content/Functions/Engine_MaterialFunctions02/Utility/BreakOutFloat3Components.uexp" 185
"../../../Engine/Content/Functions/Engine_MaterialFunctions02/UVs/BoundingBoxBased_0-1_UVW.uasset" 186
"../../../Engine/Content/Functions/Engine_MaterialFunctions02/UVs/BoundingBoxBased_0-1_UVW.uexp" 187
"../../../Engine/Content/Functions/Engine_MaterialFunctions02/Utility/VectorLength.uasset" 188
"../../../Engine/Content/Functions/Engine_MaterialFunctions02/Utility/VectorLength.uexp" 189
"../../../Engine/Plugins/Editor/SpeedTreeImporter/Content/SpeedTree9/UnpackInteger3.uasset" 190
"../../../Engine/Plugins/Editor/SpeedTreeImporter/Content/SpeedTree9/UnpackInteger3.uexp" 191
"../../../Engine/Plugins/Editor/SpeedTreeImporter/Content/SpeedTree9/SpeedTreeCameraFacing.uasset" 192
"../../../Engine/Plugins/Editor/SpeedTreeImporter/Content/SpeedTree9/SpeedTreeCameraFacing.uexp" 193
"../../../Engine/Content/Functions/Engine_MaterialFunctions02/WorldPositionOffset/ObjectScale.uasset" 194
"../../../Engine/Content/Functions/Engine_MaterialFunctions02/WorldPositionOffset/ObjectScale.uexp" 195
"../../../Engine/Content/Functions/Engine_MaterialFunctions02/SafeNormalize.uasset" 196
"../../../Engine/Content/Functions/Engine_MaterialFunctions02/SafeNormalize.uexp" 197
"../../../Engine/Plugins/Editor/SpeedTreeImporter/Content/SpeedTree9/SpeedTreeWindMotion.uasset" 198
"../../../Engine/Plugins/Editor/SpeedTreeImporter/Content/SpeedTree9/SpeedTreeWindMotion.uexp" 199
"../../../Engine/Plugins/Editor/SpeedTreeImporter/Content/SpeedTree9/SpeedTreeBranchMotion.uasset" 200
"../../../Engine/Plugins/Editor/SpeedTreeImporter/Content/SpeedTree9/SpeedTreeBranchMotion.uexp" 201
"../../../Engine/Plugins/Editor/SpeedTreeImporter/Content/SpeedTree9/SpeedTreeWind.uasset" 202
"../../../Engine/Plugins/Editor/SpeedTreeImporter/Content/SpeedTree9/SpeedTreeWind.uexp" 203
"../../../Engine/Plugins/Editor/SpeedTreeImporter/Content/SpeedTree9/EmptyNormal.uasset" 204
"../../../Engine/Plugins/Editor/SpeedTreeImporter/Content/SpeedTree9/EmptyNormal.uexp" 205
"../../../Engine/Plugins/Editor/SpeedTreeImporter/Content/SpeedTree9/Empty.uasset" 206
"../../../Engine/Plugins/Editor/SpeedTreeImporter/Content/SpeedTree9/Empty.uexp" 207
"../../../Engine/Plugins/Editor/SpeedTreeImporter/Content/SpeedTree9/SpeedTreeMaster.uasset" 208
"../../../Engine/Plugins/Editor/SpeedTreeImporter/Content/SpeedTree9/SpeedTreeMaster.uexp" 209
"../../../Engine/Plugins/Editor/SpeedTreeImporter/Content/SpeedTree9/SpeedTreeBillboard.uasset" 210
"../../../Engine/Plugins/Editor/SpeedTreeImporter/Content/SpeedTree9/SpeedTreeBillboard.uexp" 211
"../../../Engine/Plugins/Editor/SpeedTreeImporter/Content/SpeedTree9/SpeedTreeBillboardMaster.uasset" 212
"../../../Engine/Plugins/Editor/SpeedTreeImporter/Content/SpeedTree9/SpeedTreeBillboardMaster.uexp" 213
"../../../Engine/Plugins/Animation/ControlRig/Content/Controls/DefaultGizmoLibraryNormalized.uasset" 214
"../../../Engine/Plugins/Animation/ControlRig/Content/Controls/DefaultGizmoLibraryNormalized.uexp" 215
"../../../Engine/Plugins/Animation/ControlRig/Content/Controls/ControlRig_Wedge_solid.ubulk" 216
"../../../Engine/Plugins/Animation/ControlRig/Content/Controls/ControlRig_Wedge_solid.uasset" 217
"../../../Engine/Plugins/Animation/ControlRig/Content/Controls/ControlRig_Wedge_solid.uexp" 218
"../../../Engine/Plugins/Animation/ControlRig/Content/Controls/ControlRig_Wedge_3mm.ubulk" 219
"../../../Engine/Plugins/Animation/ControlRig/Content/Controls/ControlRig_Wedge_3mm.uasset" 220
"../../../Engine/Plugins/Animation/ControlRig/Content/Controls/ControlRig_Wedge_3mm.uexp" 221
"../../../Engine/Plugins/Animation/ControlRig/Content/Controls/ControlRig_Wedge_1mm.ubulk" 222
"../../../Engine/Plugins/Animation/ControlRig/Content/Controls/ControlRig_Wedge_1mm.uasset" 223
"../../../Engine/Plugins/Animation/ControlRig/Content/Controls/ControlRig_Wedge_1mm.uexp" 224
"../../../Engine/Plugins/Animation/ControlRig/Content/Controls/ControlRig_Triangle_solid.ubulk" 225
"../../../Engine/Plugins/Animation/ControlRig/Content/Controls/ControlRig_Triangle_solid.uasset" 226
"../../../Engine/Plugins/Animation/ControlRig/Content/Controls/ControlRig_Triangle_solid.uexp" 227
"../../../Engine/Plugins/Animation/ControlRig/Content/Controls/ControlRig_Triangle_3mm.ubulk" 228
"../../../Engine/Plugins/Animation/ControlRig/Content/Controls/ControlRig_Triangle_3mm.uasset" 229
"../../../Engine/Plugins/Animation/ControlRig/Content/Controls/ControlRig_Triangle_3mm.uexp" 230
"../../../Engine/Plugins/Animation/ControlRig/Content/Controls/ControlRig_Triangle_1mm.ubulk" 231
"../../../Engine/Plugins/Animation/ControlRig/Content/Controls/ControlRig_Triangle_1mm.uasset" 232
"../../../Engine/Plugins/Animation/ControlRig/Content/Controls/ControlRig_Triangle_1mm.uexp" 233
"../../../Engine/Plugins/Animation/ControlRig/Content/Controls/ControlRig_Star4_solid.ubulk" 234
"../../../Engine/Plugins/Animation/ControlRig/Content/Controls/ControlRig_Star4_solid.uasset" 235
"../../../Engine/Plugins/Animation/ControlRig/Content/Controls/ControlRig_Star4_solid.uexp" 236
"../../../Engine/Plugins/Animation/ControlRig/Content/Controls/ControlRig_Star4_3mm.ubulk" 237
"../../../Engine/Plugins/Animation/ControlRig/Content/Controls/ControlRig_Star4_3mm.uasset" 238
"../../../Engine/Plugins/Animation/ControlRig/Content/Controls/ControlRig_Star4_3mm.uexp" 239
"../../../Engine/Plugins/Animation/ControlRig/Content/Controls/ControlRig_Star4_1mm.ubulk" 240
"../../../Engine/Plugins/Animation/ControlRig/Content/Controls/ControlRig_Star4_1mm.uasset" 241
"../../../Engine/Plugins/Animation/ControlRig/Content/Controls/ControlRig_Star4_1mm.uexp" 242
"../../../Engine/Plugins/Animation/ControlRig/Content/Controls/ControlRig_Square_solid.ubulk" 243
"../../../Engine/Plugins/Animation/ControlRig/Content/Controls/ControlRig_Square_solid.uasset" 244
"../../../Engine/Plugins/Animation/ControlRig/Content/Controls/ControlRig_Square_solid.uexp" 245
"../../../Engine/Plugins/Animation/ControlRig/Content/Controls/ControlRig_Square_3mm.ubulk" 246
"../../../Engine/Plugins/Animation/ControlRig/Content/Controls/ControlRig_Square_3mm.uasset" 247
"../../../Engine/Plugins/Animation/ControlRig/Content/Controls/ControlRig_Square_3mm.uexp" 248
"../../../Engine/Plugins/Animation/ControlRig/Content/Controls/ControlRig_Square_1mm.ubulk" 249
"../../../Engine/Plugins/Animation/ControlRig/Content/Controls/ControlRig_Square_1mm.uasset" 250
"../../../Engine/Plugins/Animation/ControlRig/Content/Controls/ControlRig_Square_1mm.uexp" 251
"../../../Engine/Plugins/Animation/ControlRig/Content/Controls/ControlRig_Sphere_solid.ubulk" 252
"../../../Engine/Plugins/Animation/ControlRig/Content/Controls/ControlRig_Sphere_solid.uasset" 253
"../../../Engine/Plugins/Animation/ControlRig/Content/Controls/ControlRig_Sphere_solid.uexp" 254
"../../../Engine/Plugins/Animation/ControlRig/Content/Controls/ControlRig_Sphere_3mm.ubulk" 255
"../../../Engine/Plugins/Animation/ControlRig/Content/Controls/ControlRig_Sphere_3mm.uasset" 256
"../../../Engine/Plugins/Animation/ControlRig/Content/Controls/ControlRig_Sphere_3mm.uexp" 257
"../../../Engine/Plugins/Animation/ControlRig/Content/Controls/ControlRig_Sphere_1mm.ubulk" 258
"../../../Engine/Plugins/Animation/ControlRig/Content/Controls/ControlRig_Sphere_1mm.uasset" 259
"../../../Engine/Plugins/Animation/ControlRig/Content/Controls/ControlRig_Sphere_1mm.uexp" 260
"../../../Engine/Plugins/Animation/ControlRig/Content/Controls/ControlRig_RoundedTriangle_solid.ubulk" 261
"../../../Engine/Plugins/Animation/ControlRig/Content/Controls/ControlRig_RoundedTriangle_solid.uasset" 262
"../../../Engine/Plugins/Animation/ControlRig/Content/Controls/ControlRig_RoundedTriangle_solid.uexp" 263
"../../../Engine/Plugins/Animation/ControlRig/Content/Controls/ControlRig_RoundedTriangle_3mm.ubulk" 264
"../../../Engine/Plugins/Animation/ControlRig/Content/Controls/ControlRig_RoundedTriangle_3mm.uasset" 265
"../../../Engine/Plugins/Animation/ControlRig/Content/Controls/ControlRig_RoundedTriangle_3mm.uexp" 266
"../../../Engine/Plugins/Animation/ControlRig/Content/Controls/ControlRig_RoundedTriangle_1mm.ubulk" 267
"../../../Engine/Plugins/Animation/ControlRig/Content/Controls/ControlRig_RoundedTriangle_1mm.uasset" 268
"../../../Engine/Plugins/Animation/ControlRig/Content/Controls/ControlRig_RoundedTriangle_1mm.uexp" 269
"../../../Engine/Plugins/Runtime/MeshModelingToolset/Content/Materials/M_DynamicMeshComponentVtxColor.uasset" 270
"../../../Engine/Plugins/Runtime/MeshModelingToolset/Content/Materials/M_DynamicMeshComponentVtxColor.uexp" 271
"../../../Engine/Plugins/Interchange/Runtime/Content/Pipelines/DefaultTexturePipeline.uasset" 272
"../../../Engine/Plugins/Interchange/Runtime/Content/Pipelines/DefaultTexturePipeline.uexp" 273
"../../../Engine/Plugins/Interchange/Runtime/Content/Pipelines/DefaultSceneLevelPipeline.uasset" 274
"../../../Engine/Plugins/Interchange/Runtime/Content/Pipelines/DefaultSceneLevelPipeline.uexp" 275
"../../../Engine/Plugins/Interchange/Runtime/Content/Pipelines/DefaultSceneAssetsPipeline.uasset" 276
"../../../Engine/Plugins/Interchange/Runtime/Content/Pipelines/DefaultSceneAssetsPipeline.uexp" 277
"../../../Engine/Plugins/Interchange/Runtime/Content/Pipelines/DefaultMaterialPipeline.uasset" 278
"../../../Engine/Plugins/Interchange/Runtime/Content/Pipelines/DefaultMaterialPipeline.uexp" 279
"../../../Engine/Plugins/Interchange/Runtime/Content/Pipelines/DefaultAssetsPipeline.uasset" 280
"../../../Engine/Plugins/Interchange/Runtime/Content/Pipelines/DefaultAssetsPipeline.uexp" 281
"../../../Engine/Plugins/Animation/ControlRig/Content/Controls/ControlRig_RoundedSquare_solid.ubulk" 282
"../../../Engine/Plugins/Animation/ControlRig/Content/Controls/ControlRig_RoundedSquare_solid.uasset" 283
"../../../Engine/Plugins/Animation/ControlRig/Content/Controls/ControlRig_RoundedSquare_solid.uexp" 284
"../../../Engine/Plugins/Animation/ControlRig/Content/Controls/ControlRig_RoundedSquare_3mm.ubulk" 285
"../../../Engine/Plugins/Animation/ControlRig/Content/Controls/ControlRig_RoundedSquare_3mm.uasset" 286
"../../../Engine/Plugins/Animation/ControlRig/Content/Controls/ControlRig_RoundedSquare_3mm.uexp" 287
"../../../Engine/Plugins/Animation/ControlRig/Content/Controls/ControlRig_RoundedSquare_1mm.ubulk" 288
"../../../Engine/Plugins/Animation/ControlRig/Content/Controls/ControlRig_RoundedSquare_1mm.uasset" 289
"../../../Engine/Plugins/Animation/ControlRig/Content/Controls/ControlRig_RoundedSquare_1mm.uexp" 290
"../../../Engine/Plugins/Animation/ControlRig/Content/Controls/ControlRig_QuarterCircle_solid.ubulk" 291
"../../../Engine/Plugins/Animation/ControlRig/Content/Controls/ControlRig_QuarterCircle_solid.uasset" 292
"../../../Engine/Plugins/Animation/ControlRig/Content/Controls/ControlRig_QuarterCircle_solid.uexp" 293
"../../../Engine/Plugins/Animation/ControlRig/Content/Controls/ControlRig_QuarterCircle_3mm.ubulk" 294
"../../../Engine/Plugins/Animation/ControlRig/Content/Controls/ControlRig_QuarterCircle_3mm.uasset" 295
"../../../Engine/Plugins/Animation/ControlRig/Content/Controls/ControlRig_QuarterCircle_3mm.uexp" 296
"../../../Engine/Plugins/Animation/ControlRig/Content/Controls/ControlRig_QuarterCircle_1mm.ubulk" 297
"../../../Engine/Plugins/Animation/ControlRig/Content/Controls/ControlRig_QuarterCircle_1mm.uasset" 298
"../../../Engine/Plugins/Animation/ControlRig/Content/Controls/ControlRig_QuarterCircle_1mm.uexp" 299
"../../../Engine/Plugins/Animation/ControlRig/Content/Controls/ControlRig_Pyramid_solid.ubulk" 300
"../../../Engine/Plugins/Animation/ControlRig/Content/Controls/ControlRig_Pyramid_solid.uasset" 301
"../../../Engine/Plugins/Animation/ControlRig/Content/Controls/ControlRig_Pyramid_solid.uexp" 302
"../../../Engine/Plugins/Animation/ControlRig/Content/Controls/ControlRig_Pyramid_3mm.ubulk" 303
"../../../Engine/Plugins/Animation/ControlRig/Content/Controls/ControlRig_Pyramid_3mm.uasset" 304
"../../../Engine/Plugins/Animation/ControlRig/Content/Controls/ControlRig_Pyramid_3mm.uexp" 305
"../../../Engine/Plugins/Animation/ControlRig/Content/Controls/ControlRig_Pyramid_1mm.ubulk" 306
"../../../Engine/Plugins/Animation/ControlRig/Content/Controls/ControlRig_Pyramid_1mm.uasset" 307
"../../../Engine/Plugins/Animation/ControlRig/Content/Controls/ControlRig_Pyramid_1mm.uexp" 308
"../../../Engine/Plugins/Animation/ControlRig/Content/Controls/ControlRig_Octagon_solid.ubulk" 309
"../../../Engine/Plugins/Animation/ControlRig/Content/Controls/ControlRig_Octagon_solid.uasset" 310
"../../../Engine/Plugins/Animation/ControlRig/Content/Controls/ControlRig_Octagon_solid.uexp" 311
"../../../Engine/Plugins/Animation/ControlRig/Content/Controls/ControlRig_Octagon_3mm.ubulk" 312
"../../../Engine/Plugins/Animation/ControlRig/Content/Controls/ControlRig_Octagon_3mm.uasset" 313
"../../../Engine/Plugins/Animation/ControlRig/Content/Controls/ControlRig_Octagon_3mm.uexp" 314
"../../../Engine/Plugins/Animation/ControlRig/Content/Controls/ControlRig_Octagon_1mm.ubulk" 315
"../../../Engine/Plugins/Animation/ControlRig/Content/Controls/ControlRig_Octagon_1mm.uasset" 316
"../../../Engine/Plugins/Animation/ControlRig/Content/Controls/ControlRig_Octagon_1mm.uexp" 317
"../../../Engine/Plugins/Animation/ControlRig/Content/Controls/ControlRig_Hexagon_solid.ubulk" 318
"../../../Engine/Plugins/Animation/ControlRig/Content/Controls/ControlRig_Hexagon_solid.uasset" 319
"../../../Engine/Plugins/Animation/ControlRig/Content/Controls/ControlRig_Hexagon_solid.uexp" 320
"../../../Engine/Plugins/Animation/ControlRig/Content/Controls/ControlRig_Hexagon_3mm.ubulk" 321
"../../../Engine/Plugins/Animation/ControlRig/Content/Controls/ControlRig_Hexagon_3mm.uasset" 322
"../../../Engine/Plugins/Animation/ControlRig/Content/Controls/ControlRig_Hexagon_3mm.uexp" 323
"../../../Engine/Plugins/Animation/ControlRig/Content/Controls/ControlRig_Hexagon_1mm.ubulk" 324
"../../../Engine/Plugins/Animation/ControlRig/Content/Controls/ControlRig_Hexagon_1mm.uasset" 325
"../../../Engine/Plugins/Animation/ControlRig/Content/Controls/ControlRig_Hexagon_1mm.uexp" 326
"../../../Engine/Plugins/Animation/ControlRig/Content/Controls/ControlRig_HalfCircle_solid.ubulk" 327
"../../../Engine/Plugins/Animation/ControlRig/Content/Controls/ControlRig_HalfCircle_solid.uasset" 328
"../../../Engine/Plugins/Animation/ControlRig/Content/Controls/ControlRig_HalfCircle_solid.uexp" 329
"../../../Engine/Plugins/Animation/ControlRig/Content/Controls/ControlRig_HalfCircle_3mm.ubulk" 330
"../../../Engine/Plugins/Animation/ControlRig/Content/Controls/ControlRig_HalfCircle_3mm.uasset" 331
"../../../Engine/Plugins/Animation/ControlRig/Content/Controls/ControlRig_HalfCircle_3mm.uexp" 332
"../../../Engine/Plugins/Animation/ControlRig/Content/Controls/ControlRig_HalfCircle_1mm.ubulk" 333
"../../../Engine/Plugins/Animation/ControlRig/Content/Controls/ControlRig_HalfCircle_1mm.uasset" 334
"../../../Engine/Plugins/Animation/ControlRig/Content/Controls/ControlRig_HalfCircle_1mm.uexp" 335
"../../../Engine/Plugins/Animation/ControlRig/Content/Controls/ControlRig_Diamond_solid.ubulk" 336
"../../../Engine/Plugins/Animation/ControlRig/Content/Controls/ControlRig_Diamond_solid.uasset" 337
"../../../Engine/Plugins/Animation/ControlRig/Content/Controls/ControlRig_Diamond_solid.uexp" 338
"../../../Engine/Plugins/Animation/ControlRig/Content/Controls/ControlRig_Diamond_3mm.ubulk" 339
"../../../Engine/Plugins/Animation/ControlRig/Content/Controls/ControlRig_Diamond_3mm.uasset" 340
"../../../Engine/Plugins/Animation/ControlRig/Content/Controls/ControlRig_Diamond_3mm.uexp" 341
"../../../Engine/Plugins/Animation/ControlRig/Content/Controls/ControlRig_Diamond_1mm.ubulk" 342
"../../../Engine/Plugins/Animation/ControlRig/Content/Controls/ControlRig_Diamond_1mm.uasset" 343
"../../../Engine/Plugins/Animation/ControlRig/Content/Controls/ControlRig_Diamond_1mm.uexp" 344
"../../../Engine/Plugins/Animation/ControlRig/Content/Controls/ControlRig_Circle_solid.ubulk" 345
"../../../Engine/Plugins/Animation/ControlRig/Content/Controls/ControlRig_Circle_solid.uasset" 346
"../../../Engine/Plugins/Animation/ControlRig/Content/Controls/ControlRig_Circle_solid.uexp" 347
"../../../Engine/Plugins/Animation/ControlRig/Content/Controls/ControlRig_Circle_3mm.ubulk" 348
"../../../Engine/Plugins/Animation/ControlRig/Content/Controls/ControlRig_Circle_3mm.uasset" 349
"../../../Engine/Plugins/Animation/ControlRig/Content/Controls/ControlRig_Circle_3mm.uexp" 350
"../../../Engine/Plugins/Animation/ControlRig/Content/Controls/ControlRig_Circle_1mm.ubulk" 351
"../../../Engine/Plugins/Animation/ControlRig/Content/Controls/ControlRig_Circle_1mm.uasset" 352
"../../../Engine/Plugins/Animation/ControlRig/Content/Controls/ControlRig_Circle_1mm.uexp" 353
"../../../Engine/Plugins/Animation/ControlRig/Content/Controls/ControlRig_Box_solid.ubulk" 354
"../../../Engine/Plugins/Animation/ControlRig/Content/Controls/ControlRig_Box_solid.uasset" 355
"../../../Engine/Plugins/Animation/ControlRig/Content/Controls/ControlRig_Box_solid.uexp" 356
"../../../Engine/Plugins/Animation/ControlRig/Content/Controls/ControlRig_Box_3mm.ubulk" 357
"../../../Engine/Plugins/Animation/ControlRig/Content/Controls/ControlRig_Box_3mm.uasset" 358
"../../../Engine/Plugins/Animation/ControlRig/Content/Controls/ControlRig_Box_3mm.uexp" 359
"../../../Engine/Plugins/Animation/ControlRig/Content/Controls/ControlRig_Box_1mm.ubulk" 360
"../../../Engine/Plugins/Animation/ControlRig/Content/Controls/ControlRig_Box_1mm.uasset" 361
"../../../Engine/Plugins/Animation/ControlRig/Content/Controls/ControlRig_Box_1mm.uexp" 362
"../../../Engine/Plugins/Animation/ControlRig/Content/Controls/ControlRig_Arrow_solid.ubulk" 363
"../../../Engine/Plugins/Animation/ControlRig/Content/Controls/ControlRig_Arrow_solid.uasset" 364
"../../../Engine/Plugins/Animation/ControlRig/Content/Controls/ControlRig_Arrow_solid.uexp" 365
"../../../Engine/Plugins/Animation/ControlRig/Content/Controls/ControlRig_Arrow_3mm.ubulk" 366
"../../../Engine/Plugins/Animation/ControlRig/Content/Controls/ControlRig_Arrow_3mm.uasset" 367
"../../../Engine/Plugins/Animation/ControlRig/Content/Controls/ControlRig_Arrow_3mm.uexp" 368
"../../../Engine/Plugins/Animation/ControlRig/Content/Controls/ControlRig_Arrow_1mm.ubulk" 369
"../../../Engine/Plugins/Animation/ControlRig/Content/Controls/ControlRig_Arrow_1mm.uasset" 370
"../../../Engine/Plugins/Animation/ControlRig/Content/Controls/ControlRig_Arrow_1mm.uexp" 371
"../../../Engine/Plugins/Animation/ControlRig/Content/Controls/ControlRig_Arrow4_solid.ubulk" 372
"../../../Engine/Plugins/Animation/ControlRig/Content/Controls/ControlRig_Arrow4_solid.uasset" 373
"../../../Engine/Plugins/Animation/ControlRig/Content/Controls/ControlRig_Arrow4_solid.uexp" 374
"../../../Engine/Plugins/Animation/ControlRig/Content/Controls/ControlRig_Arrow4_3mm.ubulk" 375
"../../../Engine/Plugins/Animation/ControlRig/Content/Controls/ControlRig_Arrow4_3mm.uasset" 376
"../../../Engine/Plugins/Animation/ControlRig/Content/Controls/ControlRig_Arrow4_3mm.uexp" 377
"../../../Engine/Plugins/Animation/ControlRig/Content/Controls/ControlRig_Arrow4_1mm.ubulk" 378
"../../../Engine/Plugins/Animation/ControlRig/Content/Controls/ControlRig_Arrow4_1mm.uasset" 379
"../../../Engine/Plugins/Animation/ControlRig/Content/Controls/ControlRig_Arrow4_1mm.uexp" 380
"../../../Engine/Plugins/Animation/ControlRig/Content/Controls/ControlRig_Arrow2_solid.ubulk" 381
"../../../Engine/Plugins/Animation/ControlRig/Content/Controls/ControlRig_Arrow2_solid.uasset" 382
"../../../Engine/Plugins/Animation/ControlRig/Content/Controls/ControlRig_Arrow2_solid.uexp" 383
"../../../Engine/Plugins/Animation/ControlRig/Content/Controls/ControlRig_Arrow2_3mm.ubulk" 384
"../../../Engine/Plugins/Animation/ControlRig/Content/Controls/ControlRig_Arrow2_3mm.uasset" 385
"../../../Engine/Plugins/Animation/ControlRig/Content/Controls/ControlRig_Arrow2_3mm.uexp" 386
"../../../Engine/Plugins/Animation/ControlRig/Content/Controls/ControlRig_Arrow2_1mm.ubulk" 387
"../../../Engine/Plugins/Animation/ControlRig/Content/Controls/ControlRig_Arrow2_1mm.uasset" 388
"../../../Engine/Plugins/Animation/ControlRig/Content/Controls/ControlRig_Arrow2_1mm.uexp" 389
"../../../Engine/Plugins/Animation/ControlRig/Content/Controls/ControlRigXRayMaterial.uasset" 390
"../../../Engine/Plugins/Animation/ControlRig/Content/Controls/ControlRigXRayMaterial.uexp" 391
"../../../Engine/Plugins/Animation/ControlRig/Content/Controls/ControlRigGizmoMaterial.uasset" 392
"../../../Engine/Plugins/Animation/ControlRig/Content/Controls/ControlRigGizmoMaterial.uexp" 393
"../../../Engine/Content/EngineSounds/Master.uasset" 394
"../../../Engine/Content/EngineSounds/Master.uexp" 395
"../../../Engine/Content/EngineResources/WhiteSquareTexture.uasset" 396
"../../../Engine/Content/EngineResources/WhiteSquareTexture.uexp" 397
"../../../Engine/Content/EngineMaterials/Widget3DPassThrough.uasset" 398
"../../../Engine/Content/EngineMaterials/Widget3DPassThrough.uexp" 399
"../../../Engine/Content/EngineMaterials/Widget3DPassThrough_Translucent.uasset" 400
"../../../Engine/Content/EngineMaterials/Widget3DPassThrough_Translucent.uexp" 401
"../../../Engine/Content/EngineMaterials/Widget3DPassThrough_Translucent_OneSided.uasset" 402
"../../../Engine/Content/EngineMaterials/Widget3DPassThrough_Translucent_OneSided.uexp" 403
"../../../Engine/Content/EngineMaterials/Widget3DPassThrough_Opaque.uasset" 404
"../../../Engine/Content/EngineMaterials/Widget3DPassThrough_Opaque.uexp" 405
"../../../Engine/Content/EngineMaterials/Widget3DPassThrough_Opaque_OneSided.uasset" 406
"../../../Engine/Content/EngineMaterials/Widget3DPassThrough_Opaque_OneSided.uexp" 407
"../../../Engine/Content/EngineMaterials/Widget3DPassThrough_Masked_OneSided.uasset" 408
"../../../Engine/Content/EngineMaterials/Widget3DPassThrough_Masked_OneSided.uexp" 409
"../../../Engine/Content/EngineMaterials/Widget3DPassThrough_Masked.uasset" 410
"../../../Engine/Content/EngineMaterials/Widget3DPassThrough_Masked.uexp" 411
"../../../Engine/Content/EngineMaterials/STBlueNoise_vec2_128x128x64.uasset" 412
"../../../Engine/Content/EngineMaterials/STBlueNoise_vec2_128x128x64.uexp" 413
"../../../Engine/Content/EngineMaterials/STBlueNoise_scalar_128x128x64.uasset" 414
"../../../Engine/Content/EngineMaterials/STBlueNoise_scalar_128x128x64.uexp" 415
"../../../Engine/Content/EngineMaterials/RemoveSurfaceMaterial.uasset" 416
"../../../Engine/Content/EngineMaterials/RemoveSurfaceMaterial.uexp" 417
"../../../Engine/Content/EngineMaterials/DefaultCalibrationGrayscale.uasset" 418
"../../../Engine/Content/EngineMaterials/DefaultCalibrationGrayscale.uexp" 419
"../../../Engine/Content/EngineMaterials/PPM_DefaultCalibrationGrayscale.uasset" 420
"../../../Engine/Content/EngineMaterials/PPM_DefaultCalibrationGrayscale.uexp" 421
"../../../Engine/Content/EngineMaterials/DefaultCalibrationColor.uasset" 422
"../../../Engine/Content/EngineMaterials/DefaultCalibrationColor.uexp" 423
"../../../Engine/Content/EngineMaterials/PPM_DefaultCalibrationColor.uasset" 424
"../../../Engine/Content/EngineMaterials/PPM_DefaultCalibrationColor.uexp" 425
"../../../Engine/Content/EngineMaterials/PhAT_JointLimitMaterial.uasset" 426
"../../../Engine/Content/EngineMaterials/PhAT_JointLimitMaterial.uexp" 427
"../../../Engine/Content/EngineMaterials/NaniteHiddenSectionMaterial.uasset" 428
"../../../Engine/Content/EngineMaterials/NaniteHiddenSectionMaterial.uexp" 429
"../../../Engine/Content/EngineMaterials/InvalidLightmapSettings.ubulk" 430
"../../../Engine/Content/EngineMaterials/InvalidLightmapSettings.uasset" 431
"../../../Engine/Content/EngineMaterials/InvalidLightmapSettings.uexp" 432
"../../../Engine/Content/EngineMaterials/M_InvalidLightmapSettings.uasset" 433
"../../../Engine/Content/EngineMaterials/M_InvalidLightmapSettings.uexp" 434
"../../../Engine/Content/EngineMaterials/GizmoMaterial.uasset" 435
"../../../Engine/Content/EngineMaterials/GizmoMaterial.uexp" 436
"../../../Engine/Content/EngineMaterials/BaseFlattenEmissiveMap_VT.uasset" 437
"../../../Engine/Content/EngineMaterials/BaseFlattenEmissiveMap_VT.uexp" 438
"../../../Engine/Content/EngineMaterials/BaseFlattenGrayscaleMap_VT.uasset" 439
"../../../Engine/Content/EngineMaterials/BaseFlattenGrayscaleMap_VT.uexp" 440
"../../../Engine/Content/EngineMaterials/BaseFlattenLinearColor_VT.uasset" 441
"../../../Engine/Content/EngineMaterials/BaseFlattenLinearColor_VT.uexp" 442
"../../../Engine/Content/EngineMaterials/Black_1x1_EXR_Texture_VT.uasset" 443
"../../../Engine/Content/EngineMaterials/Black_1x1_EXR_Texture_VT.uexp" 444
"../../../Engine/Content/EngineMaterials/BaseFlattenDiffuseMap_VT.uasset" 445
"../../../Engine/Content/EngineMaterials/BaseFlattenDiffuseMap_VT.uexp" 446
"../../../Engine/Content/EngineMaterials/BaseFlattenNormalMap_VT.uasset" 447
"../../../Engine/Content/EngineMaterials/BaseFlattenNormalMap_VT.uexp" 448
"../../../Engine/Content/EngineMaterials/FlattenMaterial_WS_Normal_VT.uasset" 449
"../../../Engine/Content/EngineMaterials/FlattenMaterial_WS_Normal_VT.uexp" 450
"../../../Engine/Content/EngineMaterials/FlattenMaterial_VT.uasset" 451
"../../../Engine/Content/EngineMaterials/FlattenMaterial_VT.uexp" 452
"../../../Engine/Content/EngineMaterials/BaseFlattenNormalMap.uasset" 453
"../../../Engine/Content/EngineMaterials/BaseFlattenNormalMap.uexp" 454
"../../../Engine/Content/EngineMaterials/BaseFlattenGrayscaleMap.uasset" 455
"../../../Engine/Content/EngineMaterials/BaseFlattenGrayscaleMap.uexp" 456
"../../../Engine/Content/EngineMaterials/BaseFlattenDiffuseMap.uasset" 457
"../../../Engine/Content/EngineMaterials/BaseFlattenDiffuseMap.uexp" 458
"../../../Engine/Content/Functions/Engine_MaterialFunctions02/PivotPainter2/Black_1x1_EXR_Texture.uasset" 459
"../../../Engine/Content/Functions/Engine_MaterialFunctions02/PivotPainter2/Black_1x1_EXR_Texture.uexp" 460
"../../../Engine/Content/EngineMaterials/BaseFlattenEmissiveMap.uasset" 461
"../../../Engine/Content/EngineMaterials/BaseFlattenEmissiveMap.uexp" 462
"../../../Engine/Content/EngineMaterials/BaseFlattenLinearColor.uasset" 463
"../../../Engine/Content/EngineMaterials/BaseFlattenLinearColor.uexp" 464
"../../../Engine/Content/EngineMaterials/FlattenMaterial.uasset" 465
"../../../Engine/Content/EngineMaterials/FlattenMaterial.uexp" 466
"../../../Engine/Content/EngineMaterials/DefaultWhiteGrid_Low.uasset" 467
"../../../Engine/Content/EngineMaterials/DefaultWhiteGrid_Low.uexp" 468
"../../../Engine/Content/EngineMaterials/EmissiveMeshMaterial.uasset" 469
"../../../Engine/Content/EngineMaterials/EmissiveMeshMaterial.uexp" 470
"../../../Engine/Content/EngineFonts/RobotoDistanceField.uasset" 471
"../../../Engine/Content/EngineFonts/RobotoDistanceField.uexp" 472
"../../../Engine/Content/EngineMaterials/DefaultTextMaterialOpaque.uasset" 473
"../../../Engine/Content/EngineMaterials/DefaultTextMaterialOpaque.uexp" 474
"../../../Engine/Content/EngineMaterials/DefaultDiffuse.ubulk" 475
"../../../Engine/Content/EngineMaterials/DefaultDiffuse.uasset" 476
"../../../Engine/Content/EngineMaterials/DefaultDiffuse.uexp" 477
"../../../Engine/Content/Functions/Engine_MaterialFunctions02/Utility/BreakOutFloat2Components.uasset" 478
"../../../Engine/Content/Functions/Engine_MaterialFunctions02/Utility/BreakOutFloat2Components.uexp" 479
"../../../Engine/Content/EngineMaterials/DefaultPostProcessMaterial.uasset" 480
"../../../Engine/Content/EngineMaterials/DefaultPostProcessMaterial.uexp" 481
"../../../Engine/Content/EngineMaterials/DefaultPhysicalMaterial.uasset" 482
"../../../Engine/Content/EngineMaterials/DefaultPhysicalMaterial.uexp" 483
"../../../Engine/Content/EngineMaterials/DefaultLightFunctionMaterial.uasset" 484
"../../../Engine/Content/EngineMaterials/DefaultLightFunctionMaterial.uexp" 485
"../../../Engine/Content/EngineMaterials/DefaultDestructiblePhysicalMaterial.uasset" 486
"../../../Engine/Content/EngineMaterials/DefaultDestructiblePhysicalMaterial.uexp" 487
"../../../Engine/Content/EngineMaterials/DefaultDeferredDecalMaterial.uasset" 488
"../../../Engine/Content/EngineMaterials/DefaultDeferredDecalMaterial.uexp" 489
"../../../Engine/Content/EngineMaterials/DefaultBloomKernel.uasset" 490
"../../../Engine/Content/EngineMaterials/DefaultBloomKernel.uexp" 491
"../../../Engine/Content/EngineFonts/Faces/RobotoLight.uexp" 492
"../../../Engine/Content/EngineFonts/Faces/RobotoLight.uasset" 493
"../../../Engine/Content/EngineFonts/Faces/RobotoLight.ufont" 494
"../../../Engine/Content/EngineFonts/Faces/RobotoBold.uexp" 495
"../../../Engine/Content/EngineFonts/Faces/RobotoBold.uasset" 496
"../../../Engine/Content/EngineFonts/Faces/RobotoBold.ufont" 497
"../../../Engine/Content/EngineFonts/Faces/RobotoRegular.uexp" 498
"../../../Engine/Content/EngineFonts/Faces/RobotoRegular.uasset" 499
"../../../Engine/Content/EngineFonts/Faces/RobotoRegular.ufont" 500
"../../../Engine/Content/EngineFonts/Faces/DroidSansFallback.uexp" 501
"../../../Engine/Content/EngineFonts/Faces/DroidSansFallback.uasset" 502
"../../../Engine/Content/EngineFonts/Faces/DroidSansFallback.ufont" 503
"../../../Engine/Content/EngineFonts/Faces/RobotoItalic.uexp" 504
"../../../Engine/Content/EngineFonts/Faces/RobotoItalic.uasset" 505
"../../../Engine/Content/EngineFonts/Faces/RobotoItalic.ufont" 506
"../../../Engine/Content/EngineFonts/Faces/RobotoBoldItalic.uexp" 507
"../../../Engine/Content/EngineFonts/Faces/RobotoBoldItalic.uasset" 508
"../../../Engine/Content/EngineFonts/Faces/RobotoBoldItalic.ufont" 509
"../../../Engine/Content/EngineFonts/Roboto.uasset" 510
"../../../Engine/Content/EngineFonts/Roboto.uexp" 511
"../../../Engine/Content/Functions/Engine_MaterialFunctions02/Utility/CameraDirectionVector.uasset" 512
"../../../Engine/Content/Functions/Engine_MaterialFunctions02/Utility/CameraDirectionVector.uexp" 513
"../../../Engine/Content/EngineDebugMaterials/VolumeToRender.uasset" 514
"../../../Engine/Content/EngineDebugMaterials/VolumeToRender.uexp" 515
"../../../Engine/Content/EngineDebugMaterials/M_VolumeRenderSphereTracePP.uasset" 516
"../../../Engine/Content/EngineDebugMaterials/M_VolumeRenderSphereTracePP.uexp" 517
"../../../Engine/Content/EngineDebugMaterials/M_SimpleUnlitTranslucent.uasset" 518
"../../../Engine/Content/EngineDebugMaterials/M_SimpleUnlitTranslucent.uexp" 519
"../../../Engine/Content/EngineDebugMaterials/DebugMeshMaterial.uasset" 520
"../../../Engine/Content/EngineDebugMaterials/DebugMeshMaterial.uexp" 521
"../../../Engine/Content/EngineDebugMaterials/DebugEditorMaterial.uasset" 522
"../../../Engine/Content/EngineDebugMaterials/DebugEditorMaterial.uexp" 523
"../../../Engine/Content/EngineDamageTypes/DmgTypeBP_Environmental.uasset" 524
"../../../Engine/Content/EngineDamageTypes/DmgTypeBP_Environmental.uexp" 525
"../../../Engine/Content/EditorResources/EmptyActor.uasset" 526
"../../../Engine/Content/EditorResources/EmptyActor.uexp" 527
"../../../Engine/Content/EditorResources/BSPVertex.uasset" 528
"../../../Engine/Content/EditorResources/BSPVertex.uexp" 529
"../../../Engine/Content/EditorMaterials/PreviewShadowIndicator.ubulk" 530
"../../../Engine/Content/EditorMaterials/PreviewShadowIndicator.uasset" 531
"../../../Engine/Content/EditorMaterials/PreviewShadowIndicator.uexp" 532
"../../../Engine/Content/EditorMaterials/PreviewShadowIndicatorMaterial.uasset" 533
"../../../Engine/Content/EditorMaterials/PreviewShadowIndicatorMaterial.uexp" 534
"../../../Engine/Content/EditorMaterials/PhAT_UnselectedMaterial.uasset" 535
"../../../Engine/Content/EditorMaterials/PhAT_UnselectedMaterial.uexp" 536
"../../../Engine/Content/EditorMaterials/PhAT_NoCollisionMaterial.uasset" 537
"../../../Engine/Content/EditorMaterials/PhAT_NoCollisionMaterial.uexp" 538
"../../../Engine/Content/EditorLandscapeResources/DefaultAlphaTexture.uasset" 539
"../../../Engine/Content/EditorLandscapeResources/DefaultAlphaTexture.uexp" 540
"../../../Engine/Content/EditorLandscapeResources/DataLayer.uasset" 541
"../../../Engine/Content/EditorLandscapeResources/DataLayer.uexp" 542
"../../../Engine/Content/EngineMaterials/BlendFunc_DefBlend.uasset" 543
"../../../Engine/Content/EngineMaterials/BlendFunc_DefBlend.uexp" 544
"../../../Engine/Content/EngineMaterials/BlendFunc_DefBase.uasset" 545
"../../../Engine/Content/EngineMaterials/BlendFunc_DefBase.uexp" 546
"../../../Engine/Content/Functions/Engine_MaterialFunctions03/Blends/Blend_Overlay.uasset" 547
"../../../Engine/Content/Functions/Engine_MaterialFunctions03/Blends/Blend_Overlay.uexp" 548
"../../../Engine/Content/OpenWorldTemplate/LandscapeMaterial/T_GridChecker_A.ubulk" 549
"../../../Engine/Content/OpenWorldTemplate/LandscapeMaterial/T_GridChecker_A.uasset" 550
"../../../Engine/Content/OpenWorldTemplate/LandscapeMaterial/T_GridChecker_A.uexp" 551
"../../../Engine/Content/Functions/Engine_MaterialFunctions02/Utility/MakeFloat3.uasset" 552
"../../../Engine/Content/Functions/Engine_MaterialFunctions02/Utility/MakeFloat3.uexp" 553
"../../../Engine/Content/Functions/Engine_MaterialFunctions01/Gradient/LinearGradient.uasset" 554
"../../../Engine/Content/Functions/Engine_MaterialFunctions01/Gradient/LinearGradient.uexp" 555
"../../../Engine/Content/Functions/Engine_MaterialFunctions01/ImageAdjustment/CheapContrast.uasset" 556
"../../../Engine/Content/Functions/Engine_MaterialFunctions01/ImageAdjustment/CheapContrast.uexp" 557
"../../../Engine/Content/OpenWorldTemplate/LandscapeMaterial/MF_ProcGrid.uasset" 558
"../../../Engine/Content/OpenWorldTemplate/LandscapeMaterial/MF_ProcGrid.uexp" 559
"../../../Engine/Content/OpenWorldTemplate/LandscapeMaterial/M_ProcGrid.uasset" 560
"../../../Engine/Content/OpenWorldTemplate/LandscapeMaterial/M_ProcGrid.uexp" 561
"../../../Engine/Content/MobileResources/HUD/VirtualJoystick_Background.uasset" 562
"../../../Engine/Content/MobileResources/HUD/VirtualJoystick_Background.uexp" 563
"../../../Engine/Content/MobileResources/HUD/VirtualJoystick_Thumb.uasset" 564
"../../../Engine/Content/MobileResources/HUD/VirtualJoystick_Thumb.uexp" 565
"../../../Engine/Content/MobileResources/HUD/DefaultVirtualJoysticks.uasset" 566
"../../../Engine/Content/MobileResources/HUD/DefaultVirtualJoysticks.uexp" 567
"../../../Engine/Content/EngineSky/VolumetricClouds/CloudWeatherTexture.uasset" 568
"../../../Engine/Content/EngineSky/VolumetricClouds/CloudWeatherTexture.uexp" 569
"../../../Engine/Content/Functions/Engine_MaterialFunctions02/Utility/MakeFloat2.uasset" 570
"../../../Engine/Content/Functions/Engine_MaterialFunctions02/Utility/MakeFloat2.uexp" 571
"../../../Engine/Content/EngineSky/VolumetricClouds/CloudGradientTexture.uasset" 572
"../../../Engine/Content/EngineSky/VolumetricClouds/CloudGradientTexture.uexp" 573
"../../../Engine/Content/EngineSky/VolumetricClouds/T_NoiseShape64.ubulk" 574
"../../../Engine/Content/EngineSky/VolumetricClouds/T_NoiseShape64.uasset" 575
"../../../Engine/Content/EngineSky/VolumetricClouds/T_NoiseShape64.uexp" 576
"../../../Engine/Content/EngineSky/VolumetricClouds/T_VolumeNoiseShape64.uasset" 577
"../../../Engine/Content/EngineSky/VolumetricClouds/T_VolumeNoiseShape64.uexp" 578
"../../../Engine/Content/EngineSky/VolumetricClouds/T_NoiseErosion.ubulk" 579
"../../../Engine/Content/EngineSky/VolumetricClouds/T_NoiseErosion.uasset" 580
"../../../Engine/Content/EngineSky/VolumetricClouds/T_NoiseErosion.uexp" 581
"../../../Engine/Content/EngineSky/VolumetricClouds/T_VolumeNoiseErosion32.uasset" 582
"../../../Engine/Content/EngineSky/VolumetricClouds/T_VolumeNoiseErosion32.uexp" 583
"../../../Engine/Content/EngineSky/VolumetricClouds/m_SimpleVolumetricCloud.uasset" 584
"../../../Engine/Content/EngineSky/VolumetricClouds/m_SimpleVolumetricCloud.uexp" 585
"../../../Engine/Content/EngineSky/VolumetricClouds/m_SimpleVolumetricCloud_Inst.uasset" 586
"../../../Engine/Content/EngineSky/VolumetricClouds/m_SimpleVolumetricCloud_Inst.uexp" 587
"../../../Engine/Content/EngineResources/FilmGrains/Marcie_Grain_v3_128_M2_000.uasset" 588
"../../../Engine/Content/EngineResources/FilmGrains/Marcie_Grain_v3_128_M2_000.uexp" 589
"../../../Engine/Content/EditorResources/SequenceRecorder/RecordingIndicator.uasset" 590
"../../../Engine/Content/EditorResources/SequenceRecorder/RecordingIndicator.uexp" 591
"../../../Engine/Content/EditorResources/SequenceRecorder/Countdown.uasset" 592
"../../../Engine/Content/EditorResources/SequenceRecorder/Countdown.uexp" 593
"../../../Engine/Content/Functions/Engine_MaterialFunctions01/Shading/PowerToRoughness.uasset" 594
"../../../Engine/Content/Functions/Engine_MaterialFunctions01/Shading/PowerToRoughness.uexp" 595
"../../../Engine/Content/Functions/Engine_MaterialFunctions01/Shading/ConvertFromDiffSpec.uasset" 596
"../../../Engine/Content/Functions/Engine_MaterialFunctions01/Shading/ConvertFromDiffSpec.uexp" 597
"../../../Engine/Content/Maps/Entry_BuiltData.uasset" 598
"../../../Engine/Content/Maps/Entry_BuiltData.uexp" 599
"../../../Engine/Content/Maps/Entry.uexp" 600
"../../../Engine/Content/Maps/Entry.umap" 601
"../../../Engine/Content/OpenWorldTemplate/HLOD/HLOD0_Instancing.uasset" 602
"../../../Engine/Content/OpenWorldTemplate/HLOD/HLOD0_Instancing.uexp" 603
"../../../Engine/Content/Maps/Templates/OpenWorld.uexp" 604
"../../../Engine/Content/Maps/Templates/OpenWorld.ubulk" 605
"../../../Engine/Content/Maps/Templates/OpenWorld.umap" 606
"../../../Engine/Plugins/2D/Paper2D/Content/TranslucentUnlitSpriteMaterial.uasset" 607
"../../../Engine/Plugins/2D/Paper2D/Content/TranslucentUnlitSpriteMaterial.uexp" 608
"C:/Users/David WK/Documents/Unreal Projects/MyProject/Content/basketball/basketball.uasset" 609
"C:/Users/David WK/Documents/Unreal Projects/MyProject/Content/basketball/basketball.uexp" 610
"C:/Users/David WK/Documents/Unreal Projects/MyProject/Content/basketball/basketball_Sprite.uasset" 611
"C:/Users/David WK/Documents/Unreal Projects/MyProject/Content/basketball/basketball_Sprite.uexp" 612
"C:/Users/David WK/Documents/Unreal Projects/MyProject/Content/nature-backgrounds-pixel-art_-_Copy/PSD/5.uasset" 613
"C:/Users/David WK/Documents/Unreal Projects/MyProject/Content/nature-backgrounds-pixel-art_-_Copy/PSD/5.uexp" 614
"C:/Users/David WK/Documents/Unreal Projects/MyProject/Content/nature-backgrounds-pixel-art_-_Copy/PSD/background_cloud_TileSet.uasset" 615
"C:/Users/David WK/Documents/Unreal Projects/MyProject/Content/nature-backgrounds-pixel-art_-_Copy/PSD/background_cloud_TileSet.uexp" 616
"C:/Users/David WK/Documents/Unreal Projects/MyProject/Content/nature-backgrounds-pixel-art_-_Copy/PSD/background_cloud_TileMap.uasset" 617
"C:/Users/David WK/Documents/Unreal Projects/MyProject/Content/nature-backgrounds-pixel-art_-_Copy/PSD/background_cloud_TileMap.uexp" 618
"C:/Users/David WK/Documents/Unreal Projects/MyProject/Content/NewMap.uexp" 619
"C:/Users/David WK/Documents/Unreal Projects/MyProject/Content/NewMap.umap" 620
"../../../Engine/Content/Maps/Templates/OpenWorld/_Generated_/OpenWorld_MainGrid_L0_X-3_Y-1.uexp" 621
"../../../Engine/Content/Maps/Templates/OpenWorld/_Generated_/OpenWorld_MainGrid_L0_X-3_Y-1.ubulk" 622
"../../../Engine/Content/Maps/Templates/OpenWorld/_Generated_/OpenWorld_MainGrid_L0_X-3_Y-1.umap" 623
"../../../Engine/Content/Maps/Templates/OpenWorld/_Generated_/OpenWorld_MainGrid_L0_X3_Y-2.uexp" 624
"../../../Engine/Content/Maps/Templates/OpenWorld/_Generated_/OpenWorld_MainGrid_L0_X3_Y-2.ubulk" 625
"../../../Engine/Content/Maps/Templates/OpenWorld/_Generated_/OpenWorld_MainGrid_L0_X3_Y-2.umap" 626
"../../../Engine/Content/Maps/Templates/OpenWorld/_Generated_/OpenWorld_MainGrid_L0_X-3_Y0.uexp" 627
"../../../Engine/Content/Maps/Templates/OpenWorld/_Generated_/OpenWorld_MainGrid_L0_X-3_Y0.ubulk" 628
"../../../Engine/Content/Maps/Templates/OpenWorld/_Generated_/OpenWorld_MainGrid_L0_X-3_Y0.umap" 629
"../../../Engine/Content/Maps/Templates/OpenWorld/_Generated_/OpenWorld_MainGrid_L0_X-2_Y-3.uexp" 630
"../../../Engine/Content/Maps/Templates/OpenWorld/_Generated_/OpenWorld_MainGrid_L0_X-2_Y-3.ubulk" 631
"../../../Engine/Content/Maps/Templates/OpenWorld/_Generated_/OpenWorld_MainGrid_L0_X-2_Y-3.umap" 632
"../../../Engine/Content/Maps/Templates/OpenWorld/_Generated_/OpenWorld_MainGrid_L0_X-4_Y1.uexp" 633
"../../../Engine/Content/Maps/Templates/OpenWorld/_Generated_/OpenWorld_MainGrid_L0_X-4_Y1.ubulk" 634
"../../../Engine/Content/Maps/Templates/OpenWorld/_Generated_/OpenWorld_MainGrid_L0_X-4_Y1.umap" 635
"../../../Engine/Content/Maps/Templates/OpenWorld/_Generated_/OpenWorld_MainGrid_L0_X-3_Y-3.uexp" 636
"../../../Engine/Content/Maps/Templates/OpenWorld/_Generated_/OpenWorld_MainGrid_L0_X-3_Y-3.ubulk" 637
"../../../Engine/Content/Maps/Templates/OpenWorld/_Generated_/OpenWorld_MainGrid_L0_X-3_Y-3.umap" 638
"../../../Engine/Content/Maps/Templates/OpenWorld/_Generated_/OpenWorld_MainGrid_L0_X-3_Y-4.uexp" 639
"../../../Engine/Content/Maps/Templates/OpenWorld/_Generated_/OpenWorld_MainGrid_L0_X-3_Y-4.ubulk" 640
"../../../Engine/Content/Maps/Templates/OpenWorld/_Generated_/OpenWorld_MainGrid_L0_X-3_Y-4.umap" 641
"../../../Engine/Content/Maps/Templates/OpenWorld/_Generated_/OpenWorld_MainGrid_L0_X2_Y3.uexp" 642
"../../../Engine/Content/Maps/Templates/OpenWorld/_Generated_/OpenWorld_MainGrid_L0_X2_Y3.ubulk" 643
"../../../Engine/Content/Maps/Templates/OpenWorld/_Generated_/OpenWorld_MainGrid_L0_X2_Y3.umap" 644
"../../../Engine/Content/Maps/Templates/OpenWorld/_Generated_/OpenWorld_MainGrid_L0_X2_Y2.uexp" 645
"../../../Engine/Content/Maps/Templates/OpenWorld/_Generated_/OpenWorld_MainGrid_L0_X2_Y2.ubulk" 646
"../../../Engine/Content/Maps/Templates/OpenWorld/_Generated_/OpenWorld_MainGrid_L0_X2_Y2.umap" 647
"../../../Engine/Content/Maps/Templates/OpenWorld/_Generated_/OpenWorld_MainGrid_L0_X3_Y-1.uexp" 648
"../../../Engine/Content/Maps/Templates/OpenWorld/_Generated_/OpenWorld_MainGrid_L0_X3_Y-1.ubulk" 649
"../../../Engine/Content/Maps/Templates/OpenWorld/_Generated_/OpenWorld_MainGrid_L0_X3_Y-1.umap" 650
"../../../Engine/Content/Maps/Templates/OpenWorld/_Generated_/OpenWorld_MainGrid_L0_X-4_Y2.uexp" 651
"../../../Engine/Content/Maps/Templates/OpenWorld/_Generated_/OpenWorld_MainGrid_L0_X-4_Y2.ubulk" 652
"../../../Engine/Content/Maps/Templates/OpenWorld/_Generated_/OpenWorld_MainGrid_L0_X-4_Y2.umap" 653
"../../../Engine/Content/Maps/Templates/OpenWorld/_Generated_/OpenWorld_MainGrid_L0_X-3_Y1.uexp" 654
"../../../Engine/Content/Maps/Templates/OpenWorld/_Generated_/OpenWorld_MainGrid_L0_X-3_Y1.ubulk" 655
"../../../Engine/Content/Maps/Templates/OpenWorld/_Generated_/OpenWorld_MainGrid_L0_X-3_Y1.umap" 656
"../../../Engine/Content/Maps/Templates/OpenWorld/_Generated_/OpenWorld_MainGrid_L0_X2_Y1.uexp" 657
"../../../Engine/Content/Maps/Templates/OpenWorld/_Generated_/OpenWorld_MainGrid_L0_X2_Y1.ubulk" 658
"../../../Engine/Content/Maps/Templates/OpenWorld/_Generated_/OpenWorld_MainGrid_L0_X2_Y1.umap" 659
"../../../Engine/Content/Maps/Templates/OpenWorld/_Generated_/OpenWorld_MainGrid_L0_X1_Y0.uexp" 660
"../../../Engine/Content/Maps/Templates/OpenWorld/_Generated_/OpenWorld_MainGrid_L0_X1_Y0.ubulk" 661
"../../../Engine/Content/Maps/Templates/OpenWorld/_Generated_/OpenWorld_MainGrid_L0_X1_Y0.umap" 662
"../../../Engine/Content/Maps/Templates/OpenWorld/_Generated_/OpenWorld_MainGrid_L0_X0_Y-4.uexp" 663
"../../../Engine/Content/Maps/Templates/OpenWorld/_Generated_/OpenWorld_MainGrid_L0_X0_Y-4.ubulk" 664
"../../../Engine/Content/Maps/Templates/OpenWorld/_Generated_/OpenWorld_MainGrid_L0_X0_Y-4.umap" 665
"../../../Engine/Content/Maps/Templates/OpenWorld/_Generated_/OpenWorld_MainGrid_L0_X0_Y-2.uexp" 666
"../../../Engine/Content/Maps/Templates/OpenWorld/_Generated_/OpenWorld_MainGrid_L0_X0_Y-2.ubulk" 667
"../../../Engine/Content/Maps/Templates/OpenWorld/_Generated_/OpenWorld_MainGrid_L0_X0_Y-2.umap" 668
"../../../Engine/Content/Maps/Templates/OpenWorld/_Generated_/OpenWorld_MainGrid_L0_X1_Y2.uexp" 669
"../../../Engine/Content/Maps/Templates/OpenWorld/_Generated_/OpenWorld_MainGrid_L0_X1_Y2.ubulk" 670
"../../../Engine/Content/Maps/Templates/OpenWorld/_Generated_/OpenWorld_MainGrid_L0_X1_Y2.umap" 671
"../../../Engine/Content/Maps/Templates/OpenWorld/_Generated_/OpenWorld_MainGrid_L0_X3_Y1.uexp" 672
"../../../Engine/Content/Maps/Templates/OpenWorld/_Generated_/OpenWorld_MainGrid_L0_X3_Y1.ubulk" 673
"../../../Engine/Content/Maps/Templates/OpenWorld/_Generated_/OpenWorld_MainGrid_L0_X3_Y1.umap" 674
"../../../Engine/Content/Maps/Templates/OpenWorld/_Generated_/OpenWorld_MainGrid_L0_X1_Y1.uexp" 675
"../../../Engine/Content/Maps/Templates/OpenWorld/_Generated_/OpenWorld_MainGrid_L0_X1_Y1.ubulk" 676
"../../../Engine/Content/Maps/Templates/OpenWorld/_Generated_/OpenWorld_MainGrid_L0_X1_Y1.umap" 677
"../../../Engine/Content/Maps/Templates/OpenWorld/_Generated_/OpenWorld_MainGrid_L0_X-3_Y-2.uexp" 678
"../../../Engine/Content/Maps/Templates/OpenWorld/_Generated_/OpenWorld_MainGrid_L0_X-3_Y-2.ubulk" 679
"../../../Engine/Content/Maps/Templates/OpenWorld/_Generated_/OpenWorld_MainGrid_L0_X-3_Y-2.umap" 680
"../../../Engine/Content/Maps/Templates/OpenWorld/_Generated_/OpenWorld_MainGrid_L0_X-3_Y3.uexp" 681
"../../../Engine/Content/Maps/Templates/OpenWorld/_Generated_/OpenWorld_MainGrid_L0_X-3_Y3.ubulk" 682
"../../../Engine/Content/Maps/Templates/OpenWorld/_Generated_/OpenWorld_MainGrid_L0_X-3_Y3.umap" 683
"../../../Engine/Content/Maps/Templates/OpenWorld/_Generated_/OpenWorld_MainGrid_L0_X3_Y3.uexp" 684
"../../../Engine/Content/Maps/Templates/OpenWorld/_Generated_/OpenWorld_MainGrid_L0_X3_Y3.ubulk" 685
"../../../Engine/Content/Maps/Templates/OpenWorld/_Generated_/OpenWorld_MainGrid_L0_X3_Y3.umap" 686
"../../../Engine/Content/Maps/Templates/OpenWorld/_Generated_/OpenWorld_MainGrid_L0_X0_Y0.uexp" 687
"../../../Engine/Content/Maps/Templates/OpenWorld/_Generated_/OpenWorld_MainGrid_L0_X0_Y0.ubulk" 688
"../../../Engine/Content/Maps/Templates/OpenWorld/_Generated_/OpenWorld_MainGrid_L0_X0_Y0.umap" 689
"../../../Engine/Content/Maps/Templates/OpenWorld/_Generated_/OpenWorld_MainGrid_L0_X-4_Y3.uexp" 690
"../../../Engine/Content/Maps/Templates/OpenWorld/_Generated_/OpenWorld_MainGrid_L0_X-4_Y3.ubulk" 691
"../../../Engine/Content/Maps/Templates/OpenWorld/_Generated_/OpenWorld_MainGrid_L0_X-4_Y3.umap" 692
"../../../Engine/Content/Maps/Templates/OpenWorld/_Generated_/OpenWorld_MainGrid_L0_X-4_Y-3.uexp" 693
"../../../Engine/Content/Maps/Templates/OpenWorld/_Generated_/OpenWorld_MainGrid_L0_X-4_Y-3.ubulk" 694
"../../../Engine/Content/Maps/Templates/OpenWorld/_Generated_/OpenWorld_MainGrid_L0_X-4_Y-3.umap" 695
"../../../Engine/Content/Maps/Templates/OpenWorld/_Generated_/OpenWorld_MainGrid_L0_X-2_Y2.uexp" 696
"../../../Engine/Content/Maps/Templates/OpenWorld/_Generated_/OpenWorld_MainGrid_L0_X-2_Y2.ubulk" 697
"../../../Engine/Content/Maps/Templates/OpenWorld/_Generated_/OpenWorld_MainGrid_L0_X-2_Y2.umap" 698
"../../../Engine/Content/Maps/Templates/OpenWorld/_Generated_/OpenWorld_MainGrid_L0_X-3_Y2.uexp" 699
"../../../Engine/Content/Maps/Templates/OpenWorld/_Generated_/OpenWorld_MainGrid_L0_X-3_Y2.ubulk" 700
"../../../Engine/Content/Maps/Templates/OpenWorld/_Generated_/OpenWorld_MainGrid_L0_X-3_Y2.umap" 701
"../../../Engine/Content/Maps/Templates/OpenWorld/_Generated_/OpenWorld_MainGrid_L0_X1_Y-3.uexp" 702
"../../../Engine/Content/Maps/Templates/OpenWorld/_Generated_/OpenWorld_MainGrid_L0_X1_Y-3.ubulk" 703
"../../../Engine/Content/Maps/Templates/OpenWorld/_Generated_/OpenWorld_MainGrid_L0_X1_Y-3.umap" 704
"../../../Engine/Content/Maps/Templates/OpenWorld/_Generated_/OpenWorld_MainGrid_L0_X-1_Y-1.uexp" 705
"../../../Engine/Content/Maps/Templates/OpenWorld/_Generated_/OpenWorld_MainGrid_L0_X-1_Y-1.ubulk" 706
"../../../Engine/Content/Maps/Templates/OpenWorld/_Generated_/OpenWorld_MainGrid_L0_X-1_Y-1.umap" 707
"../../../Engine/Content/Maps/Templates/OpenWorld/_Generated_/OpenWorld_MainGrid_L0_X0_Y-3.uexp" 708
"../../../Engine/Content/Maps/Templates/OpenWorld/_Generated_/OpenWorld_MainGrid_L0_X0_Y-3.ubulk" 709
"../../../Engine/Content/Maps/Templates/OpenWorld/_Generated_/OpenWorld_MainGrid_L0_X0_Y-3.umap" 710
"../../../Engine/Content/Maps/Templates/OpenWorld/_Generated_/OpenWorld_MainGrid_L0_X1_Y-2.uexp" 711
"../../../Engine/Content/Maps/Templates/OpenWorld/_Generated_/OpenWorld_MainGrid_L0_X1_Y-2.ubulk" 712
"../../../Engine/Content/Maps/Templates/OpenWorld/_Generated_/OpenWorld_MainGrid_L0_X1_Y-2.umap" 713
"../../../Engine/Content/Maps/Templates/OpenWorld/_Generated_/OpenWorld_MainGrid_L0_X1_Y-4.uexp" 714
"../../../Engine/Content/Maps/Templates/OpenWorld/_Generated_/OpenWorld_MainGrid_L0_X1_Y-4.ubulk" 715
"../../../Engine/Content/Maps/Templates/OpenWorld/_Generated_/OpenWorld_MainGrid_L0_X1_Y-4.umap" 716
"../../../Engine/Content/Maps/Templates/OpenWorld/_Generated_/OpenWorld_MainGrid_L0_X-4_Y-1.uexp" 717
"../../../Engine/Content/Maps/Templates/OpenWorld/_Generated_/OpenWorld_MainGrid_L0_X-4_Y-1.ubulk" 718
"../../../Engine/Content/Maps/Templates/OpenWorld/_Generated_/OpenWorld_MainGrid_L0_X-4_Y-1.umap" 719
"../../../Engine/Content/Maps/Templates/OpenWorld/_Generated_/OpenWorld_MainGrid_L0_X-4_Y-2.uexp" 720
"../../../Engine/Content/Maps/Templates/OpenWorld/_Generated_/OpenWorld_MainGrid_L0_X-4_Y-2.ubulk" 721
"../../../Engine/Content/Maps/Templates/OpenWorld/_Generated_/OpenWorld_MainGrid_L0_X-4_Y-2.umap" 722
"../../../Engine/Content/Maps/Templates/OpenWorld/_Generated_/OpenWorld_MainGrid_L0_X-1_Y-2.uexp" 723
"../../../Engine/Content/Maps/Templates/OpenWorld/_Generated_/OpenWorld_MainGrid_L0_X-1_Y-2.ubulk" 724
"../../../Engine/Content/Maps/Templates/OpenWorld/_Generated_/OpenWorld_MainGrid_L0_X-1_Y-2.umap" 725
"../../../Engine/Content/Maps/Templates/OpenWorld/_Generated_/OpenWorld_MainGrid_L0_X0_Y2.uexp" 726
"../../../Engine/Content/Maps/Templates/OpenWorld/_Generated_/OpenWorld_MainGrid_L0_X0_Y2.ubulk" 727
"../../../Engine/Content/Maps/Templates/OpenWorld/_Generated_/OpenWorld_MainGrid_L0_X0_Y2.umap" 728
"../../../Engine/Content/Maps/Templates/OpenWorld/_Generated_/OpenWorld_MainGrid_L0_X-2_Y1.uexp" 729
"../../../Engine/Content/Maps/Templates/OpenWorld/_Generated_/OpenWorld_MainGrid_L0_X-2_Y1.ubulk" 730
"../../../Engine/Content/Maps/Templates/OpenWorld/_Generated_/OpenWorld_MainGrid_L0_X-2_Y1.umap" 731
"../../../Engine/Content/Maps/Templates/OpenWorld/_Generated_/OpenWorld_MainGrid_L0_X1_Y-1.uexp" 732
"../../../Engine/Content/Maps/Templates/OpenWorld/_Generated_/OpenWorld_MainGrid_L0_X1_Y-1.ubulk" 733
"../../../Engine/Content/Maps/Templates/OpenWorld/_Generated_/OpenWorld_MainGrid_L0_X1_Y-1.umap" 734
"../../../Engine/Content/Maps/Templates/OpenWorld/_Generated_/OpenWorld_MainGrid_L0_X-2_Y3.uexp" 735
"../../../Engine/Content/Maps/Templates/OpenWorld/_Generated_/OpenWorld_MainGrid_L0_X-2_Y3.ubulk" 736
"../../../Engine/Content/Maps/Templates/OpenWorld/_Generated_/OpenWorld_MainGrid_L0_X-2_Y3.umap" 737
"../../../Engine/Content/Maps/Templates/OpenWorld/_Generated_/OpenWorld_MainGrid_L0_X-2_Y0.uexp" 738
"../../../Engine/Content/Maps/Templates/OpenWorld/_Generated_/OpenWorld_MainGrid_L0_X-2_Y0.ubulk" 739
"../../../Engine/Content/Maps/Templates/OpenWorld/_Generated_/OpenWorld_MainGrid_L0_X-2_Y0.umap" 740
"../../../Engine/Content/Maps/Templates/OpenWorld/_Generated_/OpenWorld_MainGrid_L0_X-2_Y-4.uexp" 741
"../../../Engine/Content/Maps/Templates/OpenWorld/_Generated_/OpenWorld_MainGrid_L0_X-2_Y-4.ubulk" 742
"../../../Engine/Content/Maps/Templates/OpenWorld/_Generated_/OpenWorld_MainGrid_L0_X-2_Y-4.umap" 743
"../../../Engine/Content/Maps/Templates/OpenWorld/_Generated_/OpenWorld_MainGrid_L0_X1_Y3.uexp" 744
"../../../Engine/Content/Maps/Templates/OpenWorld/_Generated_/OpenWorld_MainGrid_L0_X1_Y3.ubulk" 745
"../../../Engine/Content/Maps/Templates/OpenWorld/_Generated_/OpenWorld_MainGrid_L0_X1_Y3.umap" 746
"../../../Engine/Content/Maps/Templates/OpenWorld/_Generated_/OpenWorld_MainGrid_L0_X3_Y2.uexp" 747
"../../../Engine/Content/Maps/Templates/OpenWorld/_Generated_/OpenWorld_MainGrid_L0_X3_Y2.ubulk" 748
"../../../Engine/Content/Maps/Templates/OpenWorld/_Generated_/OpenWorld_MainGrid_L0_X3_Y2.umap" 749
"../../../Engine/Content/Maps/Templates/OpenWorld/_Generated_/OpenWorld_MainGrid_L0_X-2_Y-1.uexp" 750
"../../../Engine/Content/Maps/Templates/OpenWorld/_Generated_/OpenWorld_MainGrid_L0_X-2_Y-1.ubulk" 751
"../../../Engine/Content/Maps/Templates/OpenWorld/_Generated_/OpenWorld_MainGrid_L0_X-2_Y-1.umap" 752
"../../../Engine/Content/Maps/Templates/OpenWorld/_Generated_/OpenWorld_MainGrid_L0_X2_Y-3.uexp" 753
"../../../Engine/Content/Maps/Templates/OpenWorld/_Generated_/OpenWorld_MainGrid_L0_X2_Y-3.ubulk" 754
"../../../Engine/Content/Maps/Templates/OpenWorld/_Generated_/OpenWorld_MainGrid_L0_X2_Y-3.umap" 755
"../../../Engine/Content/Maps/Templates/OpenWorld/_Generated_/OpenWorld_MainGrid_L0_X0_Y-1.uexp" 756
"../../../Engine/Content/Maps/Templates/OpenWorld/_Generated_/OpenWorld_MainGrid_L0_X0_Y-1.ubulk" 757
"../../../Engine/Content/Maps/Templates/OpenWorld/_Generated_/OpenWorld_MainGrid_L0_X0_Y-1.umap" 758
"../../../Engine/Content/Maps/Templates/OpenWorld/_Generated_/OpenWorld_MainGrid_L0_X-1_Y-4.uexp" 759
"../../../Engine/Content/Maps/Templates/OpenWorld/_Generated_/OpenWorld_MainGrid_L0_X-1_Y-4.ubulk" 760
"../../../Engine/Content/Maps/Templates/OpenWorld/_Generated_/OpenWorld_MainGrid_L0_X-1_Y-4.umap" 761
"../../../Engine/Content/Maps/Templates/OpenWorld/_Generated_/OpenWorld_MainGrid_L0_X-1_Y-3.uexp" 762
"../../../Engine/Content/Maps/Templates/OpenWorld/_Generated_/OpenWorld_MainGrid_L0_X-1_Y-3.ubulk" 763
"../../../Engine/Content/Maps/Templates/OpenWorld/_Generated_/OpenWorld_MainGrid_L0_X-1_Y-3.umap" 764
"../../../Engine/Content/Maps/Templates/OpenWorld/_Generated_/OpenWorld_MainGrid_L0_X0_Y1.uexp" 765
"../../../Engine/Content/Maps/Templates/OpenWorld/_Generated_/OpenWorld_MainGrid_L0_X0_Y1.ubulk" 766
"../../../Engine/Content/Maps/Templates/OpenWorld/_Generated_/OpenWorld_MainGrid_L0_X0_Y1.umap" 767
"../../../Engine/Content/Maps/Templates/OpenWorld/_Generated_/OpenWorld_MainGrid_L0_X-1_Y0.uexp" 768
"../../../Engine/Content/Maps/Templates/OpenWorld/_Generated_/OpenWorld_MainGrid_L0_X-1_Y0.ubulk" 769
"../../../Engine/Content/Maps/Templates/OpenWorld/_Generated_/OpenWorld_MainGrid_L0_X-1_Y0.umap" 770
"../../../Engine/Content/Maps/Templates/OpenWorld/_Generated_/OpenWorld_MainGrid_L0_X-4_Y0.uexp" 771
"../../../Engine/Content/Maps/Templates/OpenWorld/_Generated_/OpenWorld_MainGrid_L0_X-4_Y0.ubulk" 772
"../../../Engine/Content/Maps/Templates/OpenWorld/_Generated_/OpenWorld_MainGrid_L0_X-4_Y0.umap" 773
"../../../Engine/Content/Maps/Templates/OpenWorld/_Generated_/OpenWorld_MainGrid_L0_X-1_Y3.uexp" 774
"../../../Engine/Content/Maps/Templates/OpenWorld/_Generated_/OpenWorld_MainGrid_L0_X-1_Y3.ubulk" 775
"../../../Engine/Content/Maps/Templates/OpenWorld/_Generated_/OpenWorld_MainGrid_L0_X-1_Y3.umap" 776
"../../../Engine/Content/Maps/Templates/OpenWorld/_Generated_/OpenWorld_MainGrid_L0_X-1_Y2.uexp" 777
"../../../Engine/Content/Maps/Templates/OpenWorld/_Generated_/OpenWorld_MainGrid_L0_X-1_Y2.ubulk" 778
"../../../Engine/Content/Maps/Templates/OpenWorld/_Generated_/OpenWorld_MainGrid_L0_X-1_Y2.umap" 779
"../../../Engine/Content/Maps/Templates/OpenWorld/_Generated_/OpenWorld_MainGrid_L0_X2_Y-1.uexp" 780
"../../../Engine/Content/Maps/Templates/OpenWorld/_Generated_/OpenWorld_MainGrid_L0_X2_Y-1.ubulk" 781
"../../../Engine/Content/Maps/Templates/OpenWorld/_Generated_/OpenWorld_MainGrid_L0_X2_Y-1.umap" 782
"../../../Engine/Content/Maps/Templates/OpenWorld/_Generated_/OpenWorld_MainGrid_L0_X3_Y-3.uexp" 783
"../../../Engine/Content/Maps/Templates/OpenWorld/_Generated_/OpenWorld_MainGrid_L0_X3_Y-3.ubulk" 784
"../../../Engine/Content/Maps/Templates/OpenWorld/_Generated_/OpenWorld_MainGrid_L0_X3_Y-3.umap" 785
"../../../Engine/Content/Maps/Templates/OpenWorld/_Generated_/OpenWorld_MainGrid_L0_X3_Y-4.uexp" 786
"../../../Engine/Content/Maps/Templates/OpenWorld/_Generated_/OpenWorld_MainGrid_L0_X3_Y-4.ubulk" 787
"../../../Engine/Content/Maps/Templates/OpenWorld/_Generated_/OpenWorld_MainGrid_L0_X3_Y-4.umap" 788
"../../../Engine/Content/Maps/Templates/OpenWorld/_Generated_/OpenWorld_MainGrid_L0_X0_Y3.uexp" 789
"../../../Engine/Content/Maps/Templates/OpenWorld/_Generated_/OpenWorld_MainGrid_L0_X0_Y3.ubulk" 790
"../../../Engine/Content/Maps/Templates/OpenWorld/_Generated_/OpenWorld_MainGrid_L0_X0_Y3.umap" 791
"../../../Engine/Content/Maps/Templates/OpenWorld/_Generated_/OpenWorld_MainGrid_L0_X-2_Y-2.uexp" 792
"../../../Engine/Content/Maps/Templates/OpenWorld/_Generated_/OpenWorld_MainGrid_L0_X-2_Y-2.ubulk" 793
"../../../Engine/Content/Maps/Templates/OpenWorld/_Generated_/OpenWorld_MainGrid_L0_X-2_Y-2.umap" 794
"../../../Engine/Content/Maps/Templates/OpenWorld/_Generated_/OpenWorld_MainGrid_L0_X2_Y-4.uexp" 795
"../../../Engine/Content/Maps/Templates/OpenWorld/_Generated_/OpenWorld_MainGrid_L0_X2_Y-4.ubulk" 796
"../../../Engine/Content/Maps/Templates/OpenWorld/_Generated_/OpenWorld_MainGrid_L0_X2_Y-4.umap" 797
"../../../Engine/Content/Maps/Templates/OpenWorld/_Generated_/OpenWorld_MainGrid_L0_X-1_Y1.uexp" 798
"../../../Engine/Content/Maps/Templates/OpenWorld/_Generated_/OpenWorld_MainGrid_L0_X-1_Y1.ubulk" 799
"../../../Engine/Content/Maps/Templates/OpenWorld/_Generated_/OpenWorld_MainGrid_L0_X-1_Y1.umap" 800
"../../../Engine/Content/Maps/Templates/OpenWorld/_Generated_/OpenWorld_MainGrid_L0_X-4_Y-4.uexp" 801
"../../../Engine/Content/Maps/Templates/OpenWorld/_Generated_/OpenWorld_MainGrid_L0_X-4_Y-4.ubulk" 802
"../../../Engine/Content/Maps/Templates/OpenWorld/_Generated_/OpenWorld_MainGrid_L0_X-4_Y-4.umap" 803
"../../../Engine/Content/Maps/Templates/OpenWorld/_Generated_/OpenWorld_MainGrid_L0_X2_Y-2.uexp" 804
"../../../Engine/Content/Maps/Templates/OpenWorld/_Generated_/OpenWorld_MainGrid_L0_X2_Y-2.ubulk" 805
"../../../Engine/Content/Maps/Templates/OpenWorld/_Generated_/OpenWorld_MainGrid_L0_X2_Y-2.umap" 806
"../../../Engine/Content/Maps/Templates/OpenWorld/_Generated_/OpenWorld_MainGrid_L0_X2_Y0.uexp" 807
"../../../Engine/Content/Maps/Templates/OpenWorld/_Generated_/OpenWorld_MainGrid_L0_X2_Y0.ubulk" 808
"../../../Engine/Content/Maps/Templates/OpenWorld/_Generated_/OpenWorld_MainGrid_L0_X2_Y0.umap" 809
"../../../Engine/Content/Maps/Templates/OpenWorld/_Generated_/OpenWorld_MainGrid_L0_X3_Y0.uexp" 810
"../../../Engine/Content/Maps/Templates/OpenWorld/_Generated_/OpenWorld_MainGrid_L0_X3_Y0.ubulk" 811
"../../../Engine/Content/Maps/Templates/OpenWorld/_Generated_/OpenWorld_MainGrid_L0_X3_Y0.umap" 812
